<?xml version="1.0" encoding="UTF-8"?>
<testng-results ignored="0" total="1" passed="1" failed="0" skipped="0">
  <reporter-output>
  </reporter-output>
  <suite started-at="2019-09-29T16:02:02Z" name="Default suite" finished-at="2019-09-29T16:02:06Z" duration-ms="3258">
    <groups>
    </groups>
    <test started-at="2019-09-29T16:02:02Z" name="Default test" finished-at="2019-09-29T16:02:06Z" duration-ms="3258">
      <class name="com.qa.test.RestAssuredGetTest">
        <test-method signature="restAssuredValidateJson()[pri:0, instance:com.qa.test.RestAssuredGetTest@e50a6f6]" started-at="2019-09-29T21:32:02Z" name="restAssuredValidateJson" finished-at="2019-09-29T21:32:06Z" duration-ms="3239" status="PASS">
          <reporter-output>
          </reporter-output>
        </test-method> <!-- restAssuredValidateJson -->
      </class> <!-- com.qa.test.RestAssuredGetTest -->
    </test> <!-- Default test -->
  </suite> <!-- Default suite -->
</testng-results>
